<?xml version="1.0" encoding="UTF-8"?>
<!-- Generated by org.testng.reporters.JUnitReportReporter -->
<testsuite skipped="0" hostname="T440s" name="com.github.githubtest" tests="2" failures="0" timestamp="16 May 2018 21:52:44 GMT" time="5.043" errors="0">
  <testcase name="verifytitle" time="0.366" classname="com.github.githubtest"/>
  <testcase name="checkingsubject" time="4.677" classname="com.github.githubtest"/>
</testsuite> <!-- com.github.githubtest -->
